<?xml version="1.0" encoding="UTF-8"?>
<!-- Generated by org.testng.reporters.JUnitReportReporter -->
<testsuite hostname="LAPTOP-B3BSFEJR" failures="0" tests="1" name="testscripts.MakeMyTripVisaTest" time="40.948" errors="0" timestamp="2022-12-19T12:28:46 IST" skipped="0">
  <testcase classname="testscripts.MakeMyTripVisaTest" name="verifyVisaPage" time="40.948"/>
  <system-out/>
</testsuite> <!-- testscripts.MakeMyTripVisaTest -->
