<?xml version="1.0" encoding="UTF-8"?>
<!-- Generated by org.testng.reporters.JUnitReportReporter -->
<testsuite hostname="LAPTOP-B3BSFEJR" failures="0" tests="1" name="testscripts.Makemytrip" time="52.422" errors="0" timestamp="2022-12-17T20:52:44 IST" skipped="0">
  <testcase classname="testscripts.Makemytrip" name="verifyLogIn" time="52.422"/>
  <system-out/>
</testsuite> <!-- testscripts.Makemytrip -->
