<?xml version="1.0" encoding="UTF-8"?>
<!-- Generated by org.testng.reporters.JUnitReportReporter -->
<testsuite hostname="LAPTOP-B3BSFEJR" failures="0" tests="1" name="testscripts.MakemytripHotelsTest" time="82.965" errors="0" timestamp="2022-12-30T15:36:42 IST" skipped="0">
  <testcase classname="testscripts.MakemytripHotelsTest" name="verifyHotelsPage" time="82.965"/>
  <system-out/>
</testsuite> <!-- testscripts.MakemytripHotelsTest -->
